  [1m[35m (1039.2ms)[0m  [1m[35mCREATE DATABASE "fit_nation_development" ENCODING = 'unicode'[0m
  ↳ /Users/johnyohancho/.rvm/rubies/ruby-2.6.1/lib/ruby/gems/2.6.0/gems/rake-12.3.2/lib/rake/task.rb:273
  [1m[35m (901.8ms)[0m  [1m[35mCREATE DATABASE "fit_nation_test" ENCODING = 'unicode'[0m
  ↳ /Users/johnyohancho/.rvm/rubies/ruby-2.6.1/lib/ruby/gems/2.6.0/gems/rake-12.3.2/lib/rake/task.rb:273
  [1m[35m (183.2ms)[0m  [1m[35mCREATE TABLE "schema_migrations" ("version" character varying NOT NULL PRIMARY KEY)[0m
  ↳ /Users/johnyohancho/.rvm/rubies/ruby-2.6.1/lib/ruby/gems/2.6.0/gems/rake-12.3.2/lib/rake/task.rb:273
  [1m[35m (67.0ms)[0m  [1m[35mCREATE TABLE "ar_internal_metadata" ("key" character varying NOT NULL PRIMARY KEY, "value" character varying, "created_at" timestamp NOT NULL, "updated_at" timestamp NOT NULL)[0m
  ↳ /Users/johnyohancho/.rvm/rubies/ruby-2.6.1/lib/ruby/gems/2.6.0/gems/rake-12.3.2/lib/rake/task.rb:273
  [1m[35m (2.3ms)[0m  [1m[34mSELECT pg_try_advisory_lock(1229228560157968020)[0m
  ↳ /Users/johnyohancho/.rvm/rubies/ruby-2.6.1/lib/ruby/gems/2.6.0/gems/rake-12.3.2/lib/rake/task.rb:273
  [1m[35m (2.9ms)[0m  [1m[34mSELECT "schema_migrations"."version" FROM "schema_migrations" ORDER BY "schema_migrations"."version" ASC[0m
  ↳ /Users/johnyohancho/.rvm/rubies/ruby-2.6.1/lib/ruby/gems/2.6.0/gems/rake-12.3.2/lib/rake/task.rb:273
Migrating to CreateUsers (20190604145757)
  [1m[35m (81.9ms)[0m  [1m[35mBEGIN[0m
  ↳ /Users/johnyohancho/.rvm/rubies/ruby-2.6.1/lib/ruby/gems/2.6.0/gems/rake-12.3.2/lib/rake/task.rb:273
  [1m[35m (33.8ms)[0m  [1m[35mCREATE TABLE "users" ("id" bigserial primary key, "username" character varying, "password_digest" character varying, "email" character varying, "name" character varying, "description" text, "gender" character varying, "age" integer, "years_exp" integer, "created_at" timestamp NOT NULL, "updated_at" timestamp NOT NULL)[0m
  ↳ db/migrate/20190604145757_create_users.rb:3
  [1m[36mActiveRecord::SchemaMigration Create (4.6ms)[0m  [1m[32mINSERT INTO "schema_migrations" ("version") VALUES ($1) RETURNING "version"[0m  [["version", "20190604145757"]]
  ↳ /Users/johnyohancho/.rvm/rubies/ruby-2.6.1/lib/ruby/gems/2.6.0/gems/rake-12.3.2/lib/rake/task.rb:273
  [1m[35m (2.8ms)[0m  [1m[35mCOMMIT[0m
  ↳ /Users/johnyohancho/.rvm/rubies/ruby-2.6.1/lib/ruby/gems/2.6.0/gems/rake-12.3.2/lib/rake/task.rb:273
Migrating to CreateRelationships (20190604150052)
  [1m[35m (40.4ms)[0m  [1m[35mBEGIN[0m
  ↳ /Users/johnyohancho/.rvm/rubies/ruby-2.6.1/lib/ruby/gems/2.6.0/gems/rake-12.3.2/lib/rake/task.rb:273
  [1m[35m (10.0ms)[0m  [1m[35mCREATE TABLE "relationships" ("id" bigserial primary key, "follower_id" integer, "followed_id" integer, "created_at" timestamp NOT NULL, "updated_at" timestamp NOT NULL)[0m
  ↳ db/migrate/20190604150052_create_relationships.rb:3
  [1m[35m (22.1ms)[0m  [1m[35mCREATE  INDEX  "index_relationships_on_follower_id" ON "relationships"  ("follower_id")[0m
  ↳ db/migrate/20190604150052_create_relationships.rb:9
  [1m[35m (9.3ms)[0m  [1m[35mCREATE  INDEX  "index_relationships_on_followed_id" ON "relationships"  ("followed_id")[0m
  ↳ db/migrate/20190604150052_create_relationships.rb:10
  [1m[35m (6.2ms)[0m  [1m[35mCREATE UNIQUE INDEX  "index_relationships_on_follower_id_and_followed_id" ON "relationships"  ("follower_id", "followed_id")[0m
  ↳ db/migrate/20190604150052_create_relationships.rb:11
  [1m[36mActiveRecord::SchemaMigration Create (0.6ms)[0m  [1m[32mINSERT INTO "schema_migrations" ("version") VALUES ($1) RETURNING "version"[0m  [["version", "20190604150052"]]
  ↳ /Users/johnyohancho/.rvm/rubies/ruby-2.6.1/lib/ruby/gems/2.6.0/gems/rake-12.3.2/lib/rake/task.rb:273
  [1m[35m (2.4ms)[0m  [1m[35mCOMMIT[0m
  ↳ /Users/johnyohancho/.rvm/rubies/ruby-2.6.1/lib/ruby/gems/2.6.0/gems/rake-12.3.2/lib/rake/task.rb:273
Migrating to CreateUserSettings (20190604152016)
  [1m[35m (41.1ms)[0m  [1m[35mBEGIN[0m
  ↳ /Users/johnyohancho/.rvm/rubies/ruby-2.6.1/lib/ruby/gems/2.6.0/gems/rake-12.3.2/lib/rake/task.rb:273
  [1m[35m (12.7ms)[0m  [1m[35mCREATE TABLE "user_settings" ("id" bigserial primary key, "user_id" integer, "set_calories" integer, "set_steps" integer, "set_protein_percent" decimal, "set_carb_percent" decimal, "set_fat_percent" decimal, "set_protein_amount" integer, "set_carb_amount" integer, "set_fat_amount" integer, "set_sugar_amount" integer, "created_at" timestamp NOT NULL, "updated_at" timestamp NOT NULL)[0m
  ↳ db/migrate/20190604152016_create_user_settings.rb:3
  [1m[36mActiveRecord::SchemaMigration Create (7.0ms)[0m  [1m[32mINSERT INTO "schema_migrations" ("version") VALUES ($1) RETURNING "version"[0m  [["version", "20190604152016"]]
  ↳ /Users/johnyohancho/.rvm/rubies/ruby-2.6.1/lib/ruby/gems/2.6.0/gems/rake-12.3.2/lib/rake/task.rb:273
  [1m[35m (2.4ms)[0m  [1m[35mCOMMIT[0m
  ↳ /Users/johnyohancho/.rvm/rubies/ruby-2.6.1/lib/ruby/gems/2.6.0/gems/rake-12.3.2/lib/rake/task.rb:273
Migrating to CreateDailySnaps (20190604152643)
  [1m[35m (45.3ms)[0m  [1m[35mBEGIN[0m
  ↳ /Users/johnyohancho/.rvm/rubies/ruby-2.6.1/lib/ruby/gems/2.6.0/gems/rake-12.3.2/lib/rake/task.rb:273
  [1m[35m (17.2ms)[0m  [1m[35mCREATE TABLE "daily_snaps" ("id" bigserial primary key, "user_id" integer, "date" date, "steps" integer, "weight" decimal, "height" integer, "bmi" decimal, "pbf" decimal, "img" character varying, "calories" integer, "protein" integer, "carbs" integer, "fat" integer, "sugar" integer, "created_at" timestamp NOT NULL, "updated_at" timestamp NOT NULL)[0m
  ↳ db/migrate/20190604152643_create_daily_snaps.rb:3
  [1m[36mActiveRecord::SchemaMigration Create (0.5ms)[0m  [1m[32mINSERT INTO "schema_migrations" ("version") VALUES ($1) RETURNING "version"[0m  [["version", "20190604152643"]]
  ↳ /Users/johnyohancho/.rvm/rubies/ruby-2.6.1/lib/ruby/gems/2.6.0/gems/rake-12.3.2/lib/rake/task.rb:273
  [1m[35m (3.1ms)[0m  [1m[35mCOMMIT[0m
  ↳ /Users/johnyohancho/.rvm/rubies/ruby-2.6.1/lib/ruby/gems/2.6.0/gems/rake-12.3.2/lib/rake/task.rb:273
Migrating to CreateMeals (20190604153015)
  [1m[35m (28.8ms)[0m  [1m[35mBEGIN[0m
  ↳ /Users/johnyohancho/.rvm/rubies/ruby-2.6.1/lib/ruby/gems/2.6.0/gems/rake-12.3.2/lib/rake/task.rb:273
  [1m[35m (17.0ms)[0m  [1m[35mCREATE TABLE "meals" ("id" bigserial primary key, "user_id" integer, "name" character varying, "type" character varying, "date" date, "time" timestamp, "calories" integer, "weight" integer, "protein" integer, "carbs" integer, "fat" integer, "sugar" integer, "created_at" timestamp NOT NULL, "updated_at" timestamp NOT NULL)[0m
  ↳ db/migrate/20190604153015_create_meals.rb:3
  [1m[36mActiveRecord::SchemaMigration Create (0.6ms)[0m  [1m[32mINSERT INTO "schema_migrations" ("version") VALUES ($1) RETURNING "version"[0m  [["version", "20190604153015"]]
  ↳ /Users/johnyohancho/.rvm/rubies/ruby-2.6.1/lib/ruby/gems/2.6.0/gems/rake-12.3.2/lib/rake/task.rb:273
  [1m[35m (2.6ms)[0m  [1m[35mCOMMIT[0m
  ↳ /Users/johnyohancho/.rvm/rubies/ruby-2.6.1/lib/ruby/gems/2.6.0/gems/rake-12.3.2/lib/rake/task.rb:273
Migrating to CreateWorkouts (20190604153221)
  [1m[35m (40.4ms)[0m  [1m[35mBEGIN[0m
  ↳ /Users/johnyohancho/.rvm/rubies/ruby-2.6.1/lib/ruby/gems/2.6.0/gems/rake-12.3.2/lib/rake/task.rb:273
  [1m[35m (0.2ms)[0m  [1m[31mROLLBACK[0m
  ↳ /Users/johnyohancho/.rvm/rubies/ruby-2.6.1/lib/ruby/gems/2.6.0/gems/rake-12.3.2/lib/rake/task.rb:273
  [1m[35m (0.4ms)[0m  [1m[34mSELECT pg_advisory_unlock(1229228560157968020)[0m
  ↳ /Users/johnyohancho/.rvm/rubies/ruby-2.6.1/lib/ruby/gems/2.6.0/gems/rake-12.3.2/lib/rake/task.rb:273
  [1m[35m (0.6ms)[0m  [1m[34mSELECT pg_try_advisory_lock(1229228560157968020)[0m
  ↳ /Users/johnyohancho/.rvm/rubies/ruby-2.6.1/lib/ruby/gems/2.6.0/gems/rake-12.3.2/lib/rake/task.rb:273
  [1m[35m (44.0ms)[0m  [1m[34mSELECT "schema_migrations"."version" FROM "schema_migrations" ORDER BY "schema_migrations"."version" ASC[0m
  ↳ /Users/johnyohancho/.rvm/rubies/ruby-2.6.1/lib/ruby/gems/2.6.0/gems/rake-12.3.2/lib/rake/task.rb:273
Migrating to CreateWorkouts (20190604153221)
  [1m[35m (0.4ms)[0m  [1m[35mBEGIN[0m
  ↳ /Users/johnyohancho/.rvm/rubies/ruby-2.6.1/lib/ruby/gems/2.6.0/gems/rake-12.3.2/lib/rake/task.rb:273
  [1m[35m (65.4ms)[0m  [1m[35mCREATE TABLE "workouts" ("id" bigserial primary key, "name" character varying, "description" character varying, "sets" integer, "reps" integer, "created_at" timestamp NOT NULL, "updated_at" timestamp NOT NULL)[0m
  ↳ db/migrate/20190604153221_create_workouts.rb:3
  [1m[36mActiveRecord::SchemaMigration Create (0.9ms)[0m  [1m[32mINSERT INTO "schema_migrations" ("version") VALUES ($1) RETURNING "version"[0m  [["version", "20190604153221"]]
  ↳ /Users/johnyohancho/.rvm/rubies/ruby-2.6.1/lib/ruby/gems/2.6.0/gems/rake-12.3.2/lib/rake/task.rb:273
  [1m[35m (3.7ms)[0m  [1m[35mCOMMIT[0m
  ↳ /Users/johnyohancho/.rvm/rubies/ruby-2.6.1/lib/ruby/gems/2.6.0/gems/rake-12.3.2/lib/rake/task.rb:273
Migrating to CreateUserWorkout (20190604153404)
  [1m[35m (40.0ms)[0m  [1m[35mBEGIN[0m
  ↳ /Users/johnyohancho/.rvm/rubies/ruby-2.6.1/lib/ruby/gems/2.6.0/gems/rake-12.3.2/lib/rake/task.rb:273
  [1m[35m (55.9ms)[0m  [1m[35mCREATE TABLE "user_workout" ("id" bigserial primary key, "user_id" integer, "workout_id" integer, "date" date, "created_at" timestamp NOT NULL, "updated_at" timestamp NOT NULL)[0m
  ↳ db/migrate/20190604153404_create_user_workout.rb:3
  [1m[36mActiveRecord::SchemaMigration Create (0.7ms)[0m  [1m[32mINSERT INTO "schema_migrations" ("version") VALUES ($1) RETURNING "version"[0m  [["version", "20190604153404"]]
  ↳ /Users/johnyohancho/.rvm/rubies/ruby-2.6.1/lib/ruby/gems/2.6.0/gems/rake-12.3.2/lib/rake/task.rb:273
  [1m[35m (2.6ms)[0m  [1m[35mCOMMIT[0m
  ↳ /Users/johnyohancho/.rvm/rubies/ruby-2.6.1/lib/ruby/gems/2.6.0/gems/rake-12.3.2/lib/rake/task.rb:273
  [1m[36mActiveRecord::InternalMetadata Load (4.2ms)[0m  [1m[34mSELECT  "ar_internal_metadata".* FROM "ar_internal_metadata" WHERE "ar_internal_metadata"."key" = $1 LIMIT $2[0m  [["key", "environment"], ["LIMIT", 1]]
  ↳ /Users/johnyohancho/.rvm/rubies/ruby-2.6.1/lib/ruby/gems/2.6.0/gems/rake-12.3.2/lib/rake/task.rb:273
  [1m[35m (0.2ms)[0m  [1m[35mBEGIN[0m
  ↳ /Users/johnyohancho/.rvm/rubies/ruby-2.6.1/lib/ruby/gems/2.6.0/gems/rake-12.3.2/lib/rake/task.rb:273
  [1m[36mActiveRecord::InternalMetadata Create (3.8ms)[0m  [1m[32mINSERT INTO "ar_internal_metadata" ("key", "value", "created_at", "updated_at") VALUES ($1, $2, $3, $4) RETURNING "key"[0m  [["key", "environment"], ["value", "development"], ["created_at", "2019-06-04 15:41:01.337480"], ["updated_at", "2019-06-04 15:41:01.337480"]]
  ↳ /Users/johnyohancho/.rvm/rubies/ruby-2.6.1/lib/ruby/gems/2.6.0/gems/rake-12.3.2/lib/rake/task.rb:273
  [1m[35m (3.0ms)[0m  [1m[35mCOMMIT[0m
  ↳ /Users/johnyohancho/.rvm/rubies/ruby-2.6.1/lib/ruby/gems/2.6.0/gems/rake-12.3.2/lib/rake/task.rb:273
  [1m[35m (0.3ms)[0m  [1m[34mSELECT pg_advisory_unlock(1229228560157968020)[0m
  ↳ /Users/johnyohancho/.rvm/rubies/ruby-2.6.1/lib/ruby/gems/2.6.0/gems/rake-12.3.2/lib/rake/task.rb:273
  [1m[35m (0.4ms)[0m  [1m[34mSELECT "schema_migrations"."version" FROM "schema_migrations" ORDER BY "schema_migrations"."version" ASC[0m
  ↳ /Users/johnyohancho/.rvm/rubies/ruby-2.6.1/lib/ruby/gems/2.6.0/gems/rake-12.3.2/lib/rake/task.rb:273
  [1m[35m (43.1ms)[0m  [1m[34mSELECT "schema_migrations"."version" FROM "schema_migrations" ORDER BY "schema_migrations"."version" ASC[0m
  ↳ /Users/johnyohancho/.rvm/rubies/ruby-2.6.1/lib/ruby/gems/2.6.0/gems/rake-12.3.2/lib/rake/task.rb:273
  [1m[35m (0.5ms)[0m  [1m[34mSELECT "schema_migrations"."version" FROM "schema_migrations" ORDER BY "schema_migrations"."version" ASC[0m
  ↳ /Users/johnyohancho/.rvm/rubies/ruby-2.6.1/lib/ruby/gems/2.6.0/gems/rake-12.3.2/lib/rake/task.rb:273
  [1m[35m (0.8ms)[0m  [1m[34mSELECT "schema_migrations"."version" FROM "schema_migrations" ORDER BY "schema_migrations"."version" ASC[0m
  ↳ /Users/johnyohancho/.rvm/rubies/ruby-2.6.1/lib/ruby/gems/2.6.0/gems/rake-12.3.2/lib/rake/task.rb:273
  [1m[35m (1.9ms)[0m  [1m[34mSELECT pg_try_advisory_lock(1229228560157968020)[0m
  ↳ /Users/johnyohancho/.rvm/rubies/ruby-2.6.1/lib/ruby/gems/2.6.0/gems/rake-12.3.2/lib/rake/task.rb:273
  [1m[35m (0.6ms)[0m  [1m[34mSELECT "schema_migrations"."version" FROM "schema_migrations" ORDER BY "schema_migrations"."version" ASC[0m
  ↳ /Users/johnyohancho/.rvm/rubies/ruby-2.6.1/lib/ruby/gems/2.6.0/gems/rake-12.3.2/lib/rake/task.rb:273
Migrating to CreateUserWorkouts (20190604153404)
  [1m[35m (1.3ms)[0m  [1m[34mSELECT pg_advisory_unlock(1229228560157968020)[0m
  ↳ /Users/johnyohancho/.rvm/rubies/ruby-2.6.1/lib/ruby/gems/2.6.0/gems/rake-12.3.2/lib/rake/task.rb:273
  [1m[35m (1.4ms)[0m  [1m[34mSELECT "schema_migrations"."version" FROM "schema_migrations" ORDER BY "schema_migrations"."version" ASC[0m
  ↳ /Users/johnyohancho/.rvm/rubies/ruby-2.6.1/lib/ruby/gems/2.6.0/gems/rake-12.3.2/lib/rake/task.rb:273
  [1m[35m (0.5ms)[0m  [1m[34mSELECT "schema_migrations"."version" FROM "schema_migrations" ORDER BY "schema_migrations"."version" ASC[0m
  ↳ /Users/johnyohancho/.rvm/rubies/ruby-2.6.1/lib/ruby/gems/2.6.0/gems/rake-12.3.2/lib/rake/task.rb:273
  [1m[35m (0.4ms)[0m  [1m[34mSELECT "schema_migrations"."version" FROM "schema_migrations" ORDER BY "schema_migrations"."version" ASC[0m
  ↳ /Users/johnyohancho/.rvm/rubies/ruby-2.6.1/lib/ruby/gems/2.6.0/gems/rake-12.3.2/lib/rake/task.rb:273
  [1m[35m (0.5ms)[0m  [1m[34mSELECT pg_try_advisory_lock(1229228560157968020)[0m
  ↳ /Users/johnyohancho/.rvm/rubies/ruby-2.6.1/lib/ruby/gems/2.6.0/gems/rake-12.3.2/lib/rake/task.rb:273
  [1m[35m (0.6ms)[0m  [1m[34mSELECT "schema_migrations"."version" FROM "schema_migrations" ORDER BY "schema_migrations"."version" ASC[0m
  ↳ /Users/johnyohancho/.rvm/rubies/ruby-2.6.1/lib/ruby/gems/2.6.0/gems/rake-12.3.2/lib/rake/task.rb:273
Migrating to CreateUserWorkout (20190604153404)
  [1m[35m (0.5ms)[0m  [1m[35mBEGIN[0m
  ↳ /Users/johnyohancho/.rvm/rubies/ruby-2.6.1/lib/ruby/gems/2.6.0/gems/rake-12.3.2/lib/rake/task.rb:273
  [1m[35m (68.8ms)[0m  [1m[35mDROP TABLE "user_workout"[0m
  ↳ /Users/johnyohancho/.rvm/rubies/ruby-2.6.1/lib/ruby/gems/2.6.0/gems/rake-12.3.2/lib/rake/task.rb:273
  [1m[36mActiveRecord::SchemaMigration Destroy (47.2ms)[0m  [1m[31mDELETE FROM "schema_migrations" WHERE "schema_migrations"."version" = $1[0m  [["version", "20190604153404"]]
  ↳ /Users/johnyohancho/.rvm/rubies/ruby-2.6.1/lib/ruby/gems/2.6.0/gems/rake-12.3.2/lib/rake/task.rb:273
  [1m[35m (19.5ms)[0m  [1m[35mCOMMIT[0m
  ↳ /Users/johnyohancho/.rvm/rubies/ruby-2.6.1/lib/ruby/gems/2.6.0/gems/rake-12.3.2/lib/rake/task.rb:273
  [1m[35m (0.9ms)[0m  [1m[34mSELECT pg_advisory_unlock(1229228560157968020)[0m
  ↳ /Users/johnyohancho/.rvm/rubies/ruby-2.6.1/lib/ruby/gems/2.6.0/gems/rake-12.3.2/lib/rake/task.rb:273
  [1m[35m (0.5ms)[0m  [1m[34mSELECT "schema_migrations"."version" FROM "schema_migrations" ORDER BY "schema_migrations"."version" ASC[0m
  ↳ /Users/johnyohancho/.rvm/rubies/ruby-2.6.1/lib/ruby/gems/2.6.0/gems/rake-12.3.2/lib/rake/task.rb:273
  [1m[35m (1.9ms)[0m  [1m[34mSELECT "schema_migrations"."version" FROM "schema_migrations" ORDER BY "schema_migrations"."version" ASC[0m
  ↳ /Users/johnyohancho/.rvm/rubies/ruby-2.6.1/lib/ruby/gems/2.6.0/gems/rake-12.3.2/lib/rake/task.rb:273
  [1m[35m (0.5ms)[0m  [1m[34mSELECT "schema_migrations"."version" FROM "schema_migrations" ORDER BY "schema_migrations"."version" ASC[0m
  ↳ /Users/johnyohancho/.rvm/rubies/ruby-2.6.1/lib/ruby/gems/2.6.0/gems/rake-12.3.2/lib/rake/task.rb:273
  [1m[35m (0.5ms)[0m  [1m[34mSELECT "schema_migrations"."version" FROM "schema_migrations" ORDER BY "schema_migrations"."version" ASC[0m
  ↳ /Users/johnyohancho/.rvm/rubies/ruby-2.6.1/lib/ruby/gems/2.6.0/gems/rake-12.3.2/lib/rake/task.rb:273
  [1m[35m (1.5ms)[0m  [1m[34mSELECT pg_try_advisory_lock(1229228560157968020)[0m
  ↳ /Users/johnyohancho/.rvm/rubies/ruby-2.6.1/lib/ruby/gems/2.6.0/gems/rake-12.3.2/lib/rake/task.rb:273
  [1m[35m (0.6ms)[0m  [1m[34mSELECT "schema_migrations"."version" FROM "schema_migrations" ORDER BY "schema_migrations"."version" ASC[0m
  ↳ /Users/johnyohancho/.rvm/rubies/ruby-2.6.1/lib/ruby/gems/2.6.0/gems/rake-12.3.2/lib/rake/task.rb:273
Migrating to CreateWorkouts (20190604153221)
  [1m[35m (0.3ms)[0m  [1m[35mBEGIN[0m
  ↳ /Users/johnyohancho/.rvm/rubies/ruby-2.6.1/lib/ruby/gems/2.6.0/gems/rake-12.3.2/lib/rake/task.rb:273
  [1m[35m (2.9ms)[0m  [1m[35mDROP TABLE "workouts"[0m
  ↳ /Users/johnyohancho/.rvm/rubies/ruby-2.6.1/lib/ruby/gems/2.6.0/gems/rake-12.3.2/lib/rake/task.rb:273
  [1m[36mActiveRecord::SchemaMigration Destroy (1.0ms)[0m  [1m[31mDELETE FROM "schema_migrations" WHERE "schema_migrations"."version" = $1[0m  [["version", "20190604153221"]]
  ↳ /Users/johnyohancho/.rvm/rubies/ruby-2.6.1/lib/ruby/gems/2.6.0/gems/rake-12.3.2/lib/rake/task.rb:273
  [1m[35m (46.4ms)[0m  [1m[35mCOMMIT[0m
  ↳ /Users/johnyohancho/.rvm/rubies/ruby-2.6.1/lib/ruby/gems/2.6.0/gems/rake-12.3.2/lib/rake/task.rb:273
Migrating to CreateMeals (20190604153015)
  [1m[35m (0.3ms)[0m  [1m[35mBEGIN[0m
  ↳ /Users/johnyohancho/.rvm/rubies/ruby-2.6.1/lib/ruby/gems/2.6.0/gems/rake-12.3.2/lib/rake/task.rb:273
  [1m[35m (10.0ms)[0m  [1m[35mDROP TABLE "meals"[0m
  ↳ /Users/johnyohancho/.rvm/rubies/ruby-2.6.1/lib/ruby/gems/2.6.0/gems/rake-12.3.2/lib/rake/task.rb:273
  [1m[36mActiveRecord::SchemaMigration Destroy (1.3ms)[0m  [1m[31mDELETE FROM "schema_migrations" WHERE "schema_migrations"."version" = $1[0m  [["version", "20190604153015"]]
  ↳ /Users/johnyohancho/.rvm/rubies/ruby-2.6.1/lib/ruby/gems/2.6.0/gems/rake-12.3.2/lib/rake/task.rb:273
  [1m[35m (44.9ms)[0m  [1m[35mCOMMIT[0m
  ↳ /Users/johnyohancho/.rvm/rubies/ruby-2.6.1/lib/ruby/gems/2.6.0/gems/rake-12.3.2/lib/rake/task.rb:273
  [1m[35m (0.4ms)[0m  [1m[34mSELECT pg_advisory_unlock(1229228560157968020)[0m
  ↳ /Users/johnyohancho/.rvm/rubies/ruby-2.6.1/lib/ruby/gems/2.6.0/gems/rake-12.3.2/lib/rake/task.rb:273
  [1m[35m (0.4ms)[0m  [1m[34mSELECT "schema_migrations"."version" FROM "schema_migrations" ORDER BY "schema_migrations"."version" ASC[0m
  ↳ /Users/johnyohancho/.rvm/rubies/ruby-2.6.1/lib/ruby/gems/2.6.0/gems/rake-12.3.2/lib/rake/task.rb:273
  [1m[35m (2.7ms)[0m  [1m[34mSELECT "schema_migrations"."version" FROM "schema_migrations" ORDER BY "schema_migrations"."version" ASC[0m
  ↳ /Users/johnyohancho/.rvm/rubies/ruby-2.6.1/lib/ruby/gems/2.6.0/gems/rake-12.3.2/lib/rake/task.rb:273
  [1m[35m (0.6ms)[0m  [1m[34mSELECT "schema_migrations"."version" FROM "schema_migrations" ORDER BY "schema_migrations"."version" ASC[0m
  ↳ /Users/johnyohancho/.rvm/rubies/ruby-2.6.1/lib/ruby/gems/2.6.0/gems/rake-12.3.2/lib/rake/task.rb:273
  [1m[35m (0.6ms)[0m  [1m[34mSELECT "schema_migrations"."version" FROM "schema_migrations" ORDER BY "schema_migrations"."version" ASC[0m
  ↳ /Users/johnyohancho/.rvm/rubies/ruby-2.6.1/lib/ruby/gems/2.6.0/gems/rake-12.3.2/lib/rake/task.rb:273
  [1m[35m (0.4ms)[0m  [1m[34mSELECT pg_try_advisory_lock(1229228560157968020)[0m
  ↳ /Users/johnyohancho/.rvm/rubies/ruby-2.6.1/lib/ruby/gems/2.6.0/gems/rake-12.3.2/lib/rake/task.rb:273
  [1m[35m (0.6ms)[0m  [1m[34mSELECT "schema_migrations"."version" FROM "schema_migrations" ORDER BY "schema_migrations"."version" ASC[0m
  ↳ /Users/johnyohancho/.rvm/rubies/ruby-2.6.1/lib/ruby/gems/2.6.0/gems/rake-12.3.2/lib/rake/task.rb:273
Migrating to CreateDailySnaps (20190604152643)
  [1m[35m (0.5ms)[0m  [1m[35mBEGIN[0m
  ↳ /Users/johnyohancho/.rvm/rubies/ruby-2.6.1/lib/ruby/gems/2.6.0/gems/rake-12.3.2/lib/rake/task.rb:273
  [1m[35m (4.9ms)[0m  [1m[35mDROP TABLE "daily_snaps"[0m
  ↳ /Users/johnyohancho/.rvm/rubies/ruby-2.6.1/lib/ruby/gems/2.6.0/gems/rake-12.3.2/lib/rake/task.rb:273
  [1m[36mActiveRecord::SchemaMigration Destroy (1.0ms)[0m  [1m[31mDELETE FROM "schema_migrations" WHERE "schema_migrations"."version" = $1[0m  [["version", "20190604152643"]]
  ↳ /Users/johnyohancho/.rvm/rubies/ruby-2.6.1/lib/ruby/gems/2.6.0/gems/rake-12.3.2/lib/rake/task.rb:273
  [1m[35m (47.2ms)[0m  [1m[35mCOMMIT[0m
  ↳ /Users/johnyohancho/.rvm/rubies/ruby-2.6.1/lib/ruby/gems/2.6.0/gems/rake-12.3.2/lib/rake/task.rb:273
Migrating to CreateUserSettings (20190604152016)
  [1m[35m (0.3ms)[0m  [1m[35mBEGIN[0m
  ↳ /Users/johnyohancho/.rvm/rubies/ruby-2.6.1/lib/ruby/gems/2.6.0/gems/rake-12.3.2/lib/rake/task.rb:273
  [1m[35m (3.0ms)[0m  [1m[35mDROP TABLE "user_settings"[0m
  ↳ /Users/johnyohancho/.rvm/rubies/ruby-2.6.1/lib/ruby/gems/2.6.0/gems/rake-12.3.2/lib/rake/task.rb:273
  [1m[36mActiveRecord::SchemaMigration Destroy (0.8ms)[0m  [1m[31mDELETE FROM "schema_migrations" WHERE "schema_migrations"."version" = $1[0m  [["version", "20190604152016"]]
  ↳ /Users/johnyohancho/.rvm/rubies/ruby-2.6.1/lib/ruby/gems/2.6.0/gems/rake-12.3.2/lib/rake/task.rb:273
  [1m[35m (42.7ms)[0m  [1m[35mCOMMIT[0m
  ↳ /Users/johnyohancho/.rvm/rubies/ruby-2.6.1/lib/ruby/gems/2.6.0/gems/rake-12.3.2/lib/rake/task.rb:273
Migrating to CreateRelationships (20190604150052)
  [1m[35m (0.6ms)[0m  [1m[35mBEGIN[0m
  ↳ /Users/johnyohancho/.rvm/rubies/ruby-2.6.1/lib/ruby/gems/2.6.0/gems/rake-12.3.2/lib/rake/task.rb:273
  [1m[35m (0.6ms)[0m  [1m[35mDROP INDEX  "index_relationships_on_follower_id_and_followed_id"[0m
  ↳ /Users/johnyohancho/.rvm/rubies/ruby-2.6.1/lib/ruby/gems/2.6.0/gems/rake-12.3.2/lib/rake/task.rb:273
  [1m[35m (0.6ms)[0m  [1m[35mDROP INDEX  "index_relationships_on_followed_id"[0m
  ↳ /Users/johnyohancho/.rvm/rubies/ruby-2.6.1/lib/ruby/gems/2.6.0/gems/rake-12.3.2/lib/rake/task.rb:273
  [1m[35m (0.6ms)[0m  [1m[35mDROP INDEX  "index_relationships_on_follower_id"[0m
  ↳ /Users/johnyohancho/.rvm/rubies/ruby-2.6.1/lib/ruby/gems/2.6.0/gems/rake-12.3.2/lib/rake/task.rb:273
  [1m[35m (3.0ms)[0m  [1m[35mDROP TABLE "relationships"[0m
  ↳ /Users/johnyohancho/.rvm/rubies/ruby-2.6.1/lib/ruby/gems/2.6.0/gems/rake-12.3.2/lib/rake/task.rb:273
  [1m[36mActiveRecord::SchemaMigration Destroy (0.7ms)[0m  [1m[31mDELETE FROM "schema_migrations" WHERE "schema_migrations"."version" = $1[0m  [["version", "20190604150052"]]
  ↳ /Users/johnyohancho/.rvm/rubies/ruby-2.6.1/lib/ruby/gems/2.6.0/gems/rake-12.3.2/lib/rake/task.rb:273
  [1m[35m (4.2ms)[0m  [1m[35mCOMMIT[0m
  ↳ /Users/johnyohancho/.rvm/rubies/ruby-2.6.1/lib/ruby/gems/2.6.0/gems/rake-12.3.2/lib/rake/task.rb:273
Migrating to CreateUsers (20190604145757)
  [1m[35m (0.3ms)[0m  [1m[35mBEGIN[0m
  ↳ /Users/johnyohancho/.rvm/rubies/ruby-2.6.1/lib/ruby/gems/2.6.0/gems/rake-12.3.2/lib/rake/task.rb:273
  [1m[35m (4.0ms)[0m  [1m[35mDROP TABLE "users"[0m
  ↳ /Users/johnyohancho/.rvm/rubies/ruby-2.6.1/lib/ruby/gems/2.6.0/gems/rake-12.3.2/lib/rake/task.rb:273
  [1m[36mActiveRecord::SchemaMigration Destroy (11.1ms)[0m  [1m[31mDELETE FROM "schema_migrations" WHERE "schema_migrations"."version" = $1[0m  [["version", "20190604145757"]]
  ↳ /Users/johnyohancho/.rvm/rubies/ruby-2.6.1/lib/ruby/gems/2.6.0/gems/rake-12.3.2/lib/rake/task.rb:273
  [1m[35m (212.2ms)[0m  [1m[35mCOMMIT[0m
  ↳ /Users/johnyohancho/.rvm/rubies/ruby-2.6.1/lib/ruby/gems/2.6.0/gems/rake-12.3.2/lib/rake/task.rb:273
  [1m[35m (0.8ms)[0m  [1m[34mSELECT pg_advisory_unlock(1229228560157968020)[0m
  ↳ /Users/johnyohancho/.rvm/rubies/ruby-2.6.1/lib/ruby/gems/2.6.0/gems/rake-12.3.2/lib/rake/task.rb:273
  [1m[35m (0.6ms)[0m  [1m[34mSELECT "schema_migrations"."version" FROM "schema_migrations" ORDER BY "schema_migrations"."version" ASC[0m
  ↳ /Users/johnyohancho/.rvm/rubies/ruby-2.6.1/lib/ruby/gems/2.6.0/gems/rake-12.3.2/lib/rake/task.rb:273
  [1m[35m (0.6ms)[0m  [1m[34mSELECT pg_try_advisory_lock(1229228560157968020)[0m
  ↳ /Users/johnyohancho/.rvm/rubies/ruby-2.6.1/lib/ruby/gems/2.6.0/gems/rake-12.3.2/lib/rake/task.rb:273
  [1m[35m (1.9ms)[0m  [1m[34mSELECT "schema_migrations"."version" FROM "schema_migrations" ORDER BY "schema_migrations"."version" ASC[0m
  ↳ /Users/johnyohancho/.rvm/rubies/ruby-2.6.1/lib/ruby/gems/2.6.0/gems/rake-12.3.2/lib/rake/task.rb:273
Migrating to CreateUsers (20190604145757)
  [1m[35m (0.5ms)[0m  [1m[35mBEGIN[0m
  ↳ /Users/johnyohancho/.rvm/rubies/ruby-2.6.1/lib/ruby/gems/2.6.0/gems/rake-12.3.2/lib/rake/task.rb:273
  [1m[35m (45.9ms)[0m  [1m[35mCREATE TABLE "users" ("id" bigserial primary key, "username" character varying, "password_digest" character varying, "email" character varying, "name" character varying, "description" text, "gender" character varying, "age" integer, "years_exp" integer, "created_at" timestamp NOT NULL, "updated_at" timestamp NOT NULL)[0m
  ↳ db/migrate/20190604145757_create_users.rb:3
  [1m[36mActiveRecord::SchemaMigration Create (3.1ms)[0m  [1m[32mINSERT INTO "schema_migrations" ("version") VALUES ($1) RETURNING "version"[0m  [["version", "20190604145757"]]
  ↳ /Users/johnyohancho/.rvm/rubies/ruby-2.6.1/lib/ruby/gems/2.6.0/gems/rake-12.3.2/lib/rake/task.rb:273
  [1m[35m (18.3ms)[0m  [1m[35mCOMMIT[0m
  ↳ /Users/johnyohancho/.rvm/rubies/ruby-2.6.1/lib/ruby/gems/2.6.0/gems/rake-12.3.2/lib/rake/task.rb:273
Migrating to CreateRelationships (20190604150052)
  [1m[35m (25.3ms)[0m  [1m[35mBEGIN[0m
  ↳ /Users/johnyohancho/.rvm/rubies/ruby-2.6.1/lib/ruby/gems/2.6.0/gems/rake-12.3.2/lib/rake/task.rb:273
  [1m[35m (9.3ms)[0m  [1m[35mCREATE TABLE "relationships" ("id" bigserial primary key, "follower_id" integer, "followed_id" integer, "created_at" timestamp NOT NULL, "updated_at" timestamp NOT NULL)[0m
  ↳ db/migrate/20190604150052_create_relationships.rb:3
  [1m[35m (3.6ms)[0m  [1m[35mCREATE  INDEX  "index_relationships_on_follower_id" ON "relationships"  ("follower_id")[0m
  ↳ db/migrate/20190604150052_create_relationships.rb:9
  [1m[35m (6.3ms)[0m  [1m[35mCREATE  INDEX  "index_relationships_on_followed_id" ON "relationships"  ("followed_id")[0m
  ↳ db/migrate/20190604150052_create_relationships.rb:10
  [1m[35m (3.1ms)[0m  [1m[35mCREATE UNIQUE INDEX  "index_relationships_on_follower_id_and_followed_id" ON "relationships"  ("follower_id", "followed_id")[0m
  ↳ db/migrate/20190604150052_create_relationships.rb:11
  [1m[36mActiveRecord::SchemaMigration Create (0.5ms)[0m  [1m[32mINSERT INTO "schema_migrations" ("version") VALUES ($1) RETURNING "version"[0m  [["version", "20190604150052"]]
  ↳ /Users/johnyohancho/.rvm/rubies/ruby-2.6.1/lib/ruby/gems/2.6.0/gems/rake-12.3.2/lib/rake/task.rb:273
  [1m[35m (2.5ms)[0m  [1m[35mCOMMIT[0m
  ↳ /Users/johnyohancho/.rvm/rubies/ruby-2.6.1/lib/ruby/gems/2.6.0/gems/rake-12.3.2/lib/rake/task.rb:273
Migrating to CreateUserSettings (20190604152016)
  [1m[35m (40.5ms)[0m  [1m[35mBEGIN[0m
  ↳ /Users/johnyohancho/.rvm/rubies/ruby-2.6.1/lib/ruby/gems/2.6.0/gems/rake-12.3.2/lib/rake/task.rb:273
  [1m[35m (10.5ms)[0m  [1m[35mCREATE TABLE "user_settings" ("id" bigserial primary key, "user_id" integer, "set_calories" integer, "set_steps" integer, "set_protein_percent" decimal, "set_carb_percent" decimal, "set_fat_percent" decimal, "set_protein_amount" integer, "set_carb_amount" integer, "set_fat_amount" integer, "set_sugar_amount" integer, "created_at" timestamp NOT NULL, "updated_at" timestamp NOT NULL)[0m
  ↳ db/migrate/20190604152016_create_user_settings.rb:3
  [1m[36mActiveRecord::SchemaMigration Create (0.4ms)[0m  [1m[32mINSERT INTO "schema_migrations" ("version") VALUES ($1) RETURNING "version"[0m  [["version", "20190604152016"]]
  ↳ /Users/johnyohancho/.rvm/rubies/ruby-2.6.1/lib/ruby/gems/2.6.0/gems/rake-12.3.2/lib/rake/task.rb:273
  [1m[35m (4.8ms)[0m  [1m[35mCOMMIT[0m
  ↳ /Users/johnyohancho/.rvm/rubies/ruby-2.6.1/lib/ruby/gems/2.6.0/gems/rake-12.3.2/lib/rake/task.rb:273
Migrating to CreateDailySnaps (20190604152643)
  [1m[35m (25.6ms)[0m  [1m[35mBEGIN[0m
  ↳ /Users/johnyohancho/.rvm/rubies/ruby-2.6.1/lib/ruby/gems/2.6.0/gems/rake-12.3.2/lib/rake/task.rb:273
  [1m[35m (12.2ms)[0m  [1m[35mCREATE TABLE "daily_snaps" ("id" bigserial primary key, "user_id" integer, "date" date, "steps" integer, "weight" decimal, "height" integer, "bmi" decimal, "pbf" decimal, "img" character varying, "calories" integer, "protein" integer, "carbs" integer, "fat" integer, "sugar" integer, "created_at" timestamp NOT NULL, "updated_at" timestamp NOT NULL)[0m
  ↳ db/migrate/20190604152643_create_daily_snaps.rb:3
  [1m[36mActiveRecord::SchemaMigration Create (0.6ms)[0m  [1m[32mINSERT INTO "schema_migrations" ("version") VALUES ($1) RETURNING "version"[0m  [["version", "20190604152643"]]
  ↳ /Users/johnyohancho/.rvm/rubies/ruby-2.6.1/lib/ruby/gems/2.6.0/gems/rake-12.3.2/lib/rake/task.rb:273
  [1m[35m (2.1ms)[0m  [1m[35mCOMMIT[0m
  ↳ /Users/johnyohancho/.rvm/rubies/ruby-2.6.1/lib/ruby/gems/2.6.0/gems/rake-12.3.2/lib/rake/task.rb:273
Migrating to CreateMeals (20190604153015)
  [1m[35m (40.2ms)[0m  [1m[35mBEGIN[0m
  ↳ /Users/johnyohancho/.rvm/rubies/ruby-2.6.1/lib/ruby/gems/2.6.0/gems/rake-12.3.2/lib/rake/task.rb:273
  [1m[35m (17.0ms)[0m  [1m[35mCREATE TABLE "meals" ("id" bigserial primary key, "user_id" integer, "name" character varying, "type" character varying, "date" date, "time" timestamp, "calories" integer, "weight" integer, "protein" integer, "carbs" integer, "fat" integer, "sugar" integer, "created_at" timestamp NOT NULL, "updated_at" timestamp NOT NULL)[0m
  ↳ db/migrate/20190604153015_create_meals.rb:3
  [1m[36mActiveRecord::SchemaMigration Create (0.9ms)[0m  [1m[32mINSERT INTO "schema_migrations" ("version") VALUES ($1) RETURNING "version"[0m  [["version", "20190604153015"]]
  ↳ /Users/johnyohancho/.rvm/rubies/ruby-2.6.1/lib/ruby/gems/2.6.0/gems/rake-12.3.2/lib/rake/task.rb:273
  [1m[35m (2.8ms)[0m  [1m[35mCOMMIT[0m
  ↳ /Users/johnyohancho/.rvm/rubies/ruby-2.6.1/lib/ruby/gems/2.6.0/gems/rake-12.3.2/lib/rake/task.rb:273
Migrating to CreateWorkouts (20190604153221)
  [1m[35m (25.1ms)[0m  [1m[35mBEGIN[0m
  ↳ /Users/johnyohancho/.rvm/rubies/ruby-2.6.1/lib/ruby/gems/2.6.0/gems/rake-12.3.2/lib/rake/task.rb:273
  [1m[35m (9.7ms)[0m  [1m[35mCREATE TABLE "workouts" ("id" bigserial primary key, "name" character varying, "description" character varying, "sets" integer, "reps" integer, "created_at" timestamp NOT NULL, "updated_at" timestamp NOT NULL)[0m
  ↳ db/migrate/20190604153221_create_workouts.rb:3
  [1m[36mActiveRecord::SchemaMigration Create (0.4ms)[0m  [1m[32mINSERT INTO "schema_migrations" ("version") VALUES ($1) RETURNING "version"[0m  [["version", "20190604153221"]]
  ↳ /Users/johnyohancho/.rvm/rubies/ruby-2.6.1/lib/ruby/gems/2.6.0/gems/rake-12.3.2/lib/rake/task.rb:273
  [1m[35m (2.7ms)[0m  [1m[35mCOMMIT[0m
  ↳ /Users/johnyohancho/.rvm/rubies/ruby-2.6.1/lib/ruby/gems/2.6.0/gems/rake-12.3.2/lib/rake/task.rb:273
Migrating to CreateUserWorkouts (20190604153404)
  [1m[35m (40.6ms)[0m  [1m[35mBEGIN[0m
  ↳ /Users/johnyohancho/.rvm/rubies/ruby-2.6.1/lib/ruby/gems/2.6.0/gems/rake-12.3.2/lib/rake/task.rb:273
  [1m[35m (8.4ms)[0m  [1m[35mCREATE TABLE "user_workout" ("id" bigserial primary key, "user_id" integer, "workout_id" integer, "date" date, "created_at" timestamp NOT NULL, "updated_at" timestamp NOT NULL)[0m
  ↳ db/migrate/20190604153404_create_user_workouts.rb:3
  [1m[36mActiveRecord::SchemaMigration Create (0.5ms)[0m  [1m[32mINSERT INTO "schema_migrations" ("version") VALUES ($1) RETURNING "version"[0m  [["version", "20190604153404"]]
  ↳ /Users/johnyohancho/.rvm/rubies/ruby-2.6.1/lib/ruby/gems/2.6.0/gems/rake-12.3.2/lib/rake/task.rb:273
  [1m[35m (2.8ms)[0m  [1m[35mCOMMIT[0m
  ↳ /Users/johnyohancho/.rvm/rubies/ruby-2.6.1/lib/ruby/gems/2.6.0/gems/rake-12.3.2/lib/rake/task.rb:273
  [1m[36mActiveRecord::InternalMetadata Load (24.1ms)[0m  [1m[34mSELECT  "ar_internal_metadata".* FROM "ar_internal_metadata" WHERE "ar_internal_metadata"."key" = $1 LIMIT $2[0m  [["key", "environment"], ["LIMIT", 1]]
  ↳ /Users/johnyohancho/.rvm/rubies/ruby-2.6.1/lib/ruby/gems/2.6.0/gems/rake-12.3.2/lib/rake/task.rb:273
  [1m[35m (0.2ms)[0m  [1m[35mBEGIN[0m
  ↳ /Users/johnyohancho/.rvm/rubies/ruby-2.6.1/lib/ruby/gems/2.6.0/gems/rake-12.3.2/lib/rake/task.rb:273
  [1m[35m (0.2ms)[0m  [1m[35mCOMMIT[0m
  ↳ /Users/johnyohancho/.rvm/rubies/ruby-2.6.1/lib/ruby/gems/2.6.0/gems/rake-12.3.2/lib/rake/task.rb:273
  [1m[35m (0.3ms)[0m  [1m[34mSELECT pg_advisory_unlock(1229228560157968020)[0m
  ↳ /Users/johnyohancho/.rvm/rubies/ruby-2.6.1/lib/ruby/gems/2.6.0/gems/rake-12.3.2/lib/rake/task.rb:273
  [1m[35m (0.6ms)[0m  [1m[34mSELECT "schema_migrations"."version" FROM "schema_migrations" ORDER BY "schema_migrations"."version" ASC[0m
  ↳ /Users/johnyohancho/.rvm/rubies/ruby-2.6.1/lib/ruby/gems/2.6.0/gems/rake-12.3.2/lib/rake/task.rb:273
  [1m[35m (1.7ms)[0m  [1m[34mSELECT "schema_migrations"."version" FROM "schema_migrations" ORDER BY "schema_migrations"."version" ASC[0m
  ↳ /Users/johnyohancho/.rvm/rubies/ruby-2.6.1/lib/ruby/gems/2.6.0/gems/rake-12.3.2/lib/rake/task.rb:273
  [1m[35m (0.5ms)[0m  [1m[34mSELECT "schema_migrations"."version" FROM "schema_migrations" ORDER BY "schema_migrations"."version" ASC[0m
  ↳ /Users/johnyohancho/.rvm/rubies/ruby-2.6.1/lib/ruby/gems/2.6.0/gems/rake-12.3.2/lib/rake/task.rb:273
  [1m[35m (0.4ms)[0m  [1m[34mSELECT "schema_migrations"."version" FROM "schema_migrations" ORDER BY "schema_migrations"."version" ASC[0m
  ↳ /Users/johnyohancho/.rvm/rubies/ruby-2.6.1/lib/ruby/gems/2.6.0/gems/rake-12.3.2/lib/rake/task.rb:273
  [1m[35m (0.3ms)[0m  [1m[34mSELECT pg_try_advisory_lock(1229228560157968020)[0m
  ↳ /Users/johnyohancho/.rvm/rubies/ruby-2.6.1/lib/ruby/gems/2.6.0/gems/rake-12.3.2/lib/rake/task.rb:273
  [1m[35m (0.3ms)[0m  [1m[34mSELECT "schema_migrations"."version" FROM "schema_migrations" ORDER BY "schema_migrations"."version" ASC[0m
  ↳ /Users/johnyohancho/.rvm/rubies/ruby-2.6.1/lib/ruby/gems/2.6.0/gems/rake-12.3.2/lib/rake/task.rb:273
Migrating to CreateUserWorkouts (20190604153404)
  [1m[35m (0.2ms)[0m  [1m[35mBEGIN[0m
  ↳ /Users/johnyohancho/.rvm/rubies/ruby-2.6.1/lib/ruby/gems/2.6.0/gems/rake-12.3.2/lib/rake/task.rb:273
  [1m[35m (2.3ms)[0m  [1m[35mDROP TABLE "user_workout"[0m
  ↳ /Users/johnyohancho/.rvm/rubies/ruby-2.6.1/lib/ruby/gems/2.6.0/gems/rake-12.3.2/lib/rake/task.rb:273
  [1m[36mActiveRecord::SchemaMigration Destroy (0.7ms)[0m  [1m[31mDELETE FROM "schema_migrations" WHERE "schema_migrations"."version" = $1[0m  [["version", "20190604153404"]]
  ↳ /Users/johnyohancho/.rvm/rubies/ruby-2.6.1/lib/ruby/gems/2.6.0/gems/rake-12.3.2/lib/rake/task.rb:273
  [1m[35m (35.9ms)[0m  [1m[35mCOMMIT[0m
  ↳ /Users/johnyohancho/.rvm/rubies/ruby-2.6.1/lib/ruby/gems/2.6.0/gems/rake-12.3.2/lib/rake/task.rb:273
Migrating to CreateWorkouts (20190604153221)
  [1m[35m (0.3ms)[0m  [1m[35mBEGIN[0m
  ↳ /Users/johnyohancho/.rvm/rubies/ruby-2.6.1/lib/ruby/gems/2.6.0/gems/rake-12.3.2/lib/rake/task.rb:273
  [1m[35m (3.4ms)[0m  [1m[35mDROP TABLE "workouts"[0m
  ↳ /Users/johnyohancho/.rvm/rubies/ruby-2.6.1/lib/ruby/gems/2.6.0/gems/rake-12.3.2/lib/rake/task.rb:273
  [1m[36mActiveRecord::SchemaMigration Destroy (0.6ms)[0m  [1m[31mDELETE FROM "schema_migrations" WHERE "schema_migrations"."version" = $1[0m  [["version", "20190604153221"]]
  ↳ /Users/johnyohancho/.rvm/rubies/ruby-2.6.1/lib/ruby/gems/2.6.0/gems/rake-12.3.2/lib/rake/task.rb:273
  [1m[35m (48.7ms)[0m  [1m[35mCOMMIT[0m
  ↳ /Users/johnyohancho/.rvm/rubies/ruby-2.6.1/lib/ruby/gems/2.6.0/gems/rake-12.3.2/lib/rake/task.rb:273
Migrating to CreateMeals (20190604153015)
  [1m[35m (0.4ms)[0m  [1m[35mBEGIN[0m
  ↳ /Users/johnyohancho/.rvm/rubies/ruby-2.6.1/lib/ruby/gems/2.6.0/gems/rake-12.3.2/lib/rake/task.rb:273
  [1m[35m (2.7ms)[0m  [1m[35mDROP TABLE "meals"[0m
  ↳ /Users/johnyohancho/.rvm/rubies/ruby-2.6.1/lib/ruby/gems/2.6.0/gems/rake-12.3.2/lib/rake/task.rb:273
  [1m[36mActiveRecord::SchemaMigration Destroy (0.7ms)[0m  [1m[31mDELETE FROM "schema_migrations" WHERE "schema_migrations"."version" = $1[0m  [["version", "20190604153015"]]
  ↳ /Users/johnyohancho/.rvm/rubies/ruby-2.6.1/lib/ruby/gems/2.6.0/gems/rake-12.3.2/lib/rake/task.rb:273
  [1m[35m (42.7ms)[0m  [1m[35mCOMMIT[0m
  ↳ /Users/johnyohancho/.rvm/rubies/ruby-2.6.1/lib/ruby/gems/2.6.0/gems/rake-12.3.2/lib/rake/task.rb:273
Migrating to CreateDailySnaps (20190604152643)
  [1m[35m (0.3ms)[0m  [1m[35mBEGIN[0m
  ↳ /Users/johnyohancho/.rvm/rubies/ruby-2.6.1/lib/ruby/gems/2.6.0/gems/rake-12.3.2/lib/rake/task.rb:273
  [1m[35m (1.9ms)[0m  [1m[35mDROP TABLE "daily_snaps"[0m
  ↳ /Users/johnyohancho/.rvm/rubies/ruby-2.6.1/lib/ruby/gems/2.6.0/gems/rake-12.3.2/lib/rake/task.rb:273
  [1m[36mActiveRecord::SchemaMigration Destroy (0.5ms)[0m  [1m[31mDELETE FROM "schema_migrations" WHERE "schema_migrations"."version" = $1[0m  [["version", "20190604152643"]]
  ↳ /Users/johnyohancho/.rvm/rubies/ruby-2.6.1/lib/ruby/gems/2.6.0/gems/rake-12.3.2/lib/rake/task.rb:273
  [1m[35m (42.2ms)[0m  [1m[35mCOMMIT[0m
  ↳ /Users/johnyohancho/.rvm/rubies/ruby-2.6.1/lib/ruby/gems/2.6.0/gems/rake-12.3.2/lib/rake/task.rb:273
Migrating to CreateUserSettings (20190604152016)
  [1m[35m (0.2ms)[0m  [1m[35mBEGIN[0m
  ↳ /Users/johnyohancho/.rvm/rubies/ruby-2.6.1/lib/ruby/gems/2.6.0/gems/rake-12.3.2/lib/rake/task.rb:273
  [1m[35m (1.5ms)[0m  [1m[35mDROP TABLE "user_settings"[0m
  ↳ /Users/johnyohancho/.rvm/rubies/ruby-2.6.1/lib/ruby/gems/2.6.0/gems/rake-12.3.2/lib/rake/task.rb:273
  [1m[36mActiveRecord::SchemaMigration Destroy (0.6ms)[0m  [1m[31mDELETE FROM "schema_migrations" WHERE "schema_migrations"."version" = $1[0m  [["version", "20190604152016"]]
  ↳ /Users/johnyohancho/.rvm/rubies/ruby-2.6.1/lib/ruby/gems/2.6.0/gems/rake-12.3.2/lib/rake/task.rb:273
  [1m[35m (34.3ms)[0m  [1m[35mCOMMIT[0m
  ↳ /Users/johnyohancho/.rvm/rubies/ruby-2.6.1/lib/ruby/gems/2.6.0/gems/rake-12.3.2/lib/rake/task.rb:273
Migrating to CreateRelationships (20190604150052)
  [1m[35m (0.3ms)[0m  [1m[35mBEGIN[0m
  ↳ /Users/johnyohancho/.rvm/rubies/ruby-2.6.1/lib/ruby/gems/2.6.0/gems/rake-12.3.2/lib/rake/task.rb:273
  [1m[35m (1.4ms)[0m  [1m[35mDROP INDEX  "index_relationships_on_follower_id_and_followed_id"[0m
  ↳ /Users/johnyohancho/.rvm/rubies/ruby-2.6.1/lib/ruby/gems/2.6.0/gems/rake-12.3.2/lib/rake/task.rb:273
  [1m[35m (0.6ms)[0m  [1m[35mDROP INDEX  "index_relationships_on_followed_id"[0m
  ↳ /Users/johnyohancho/.rvm/rubies/ruby-2.6.1/lib/ruby/gems/2.6.0/gems/rake-12.3.2/lib/rake/task.rb:273
  [1m[35m (0.4ms)[0m  [1m[35mDROP INDEX  "index_relationships_on_follower_id"[0m
  ↳ /Users/johnyohancho/.rvm/rubies/ruby-2.6.1/lib/ruby/gems/2.6.0/gems/rake-12.3.2/lib/rake/task.rb:273
  [1m[35m (41.9ms)[0m  [1m[35mDROP TABLE "relationships"[0m
  ↳ /Users/johnyohancho/.rvm/rubies/ruby-2.6.1/lib/ruby/gems/2.6.0/gems/rake-12.3.2/lib/rake/task.rb:273
  [1m[36mActiveRecord::SchemaMigration Destroy (0.6ms)[0m  [1m[31mDELETE FROM "schema_migrations" WHERE "schema_migrations"."version" = $1[0m  [["version", "20190604150052"]]
  ↳ /Users/johnyohancho/.rvm/rubies/ruby-2.6.1/lib/ruby/gems/2.6.0/gems/rake-12.3.2/lib/rake/task.rb:273
  [1m[35m (4.5ms)[0m  [1m[35mCOMMIT[0m
  ↳ /Users/johnyohancho/.rvm/rubies/ruby-2.6.1/lib/ruby/gems/2.6.0/gems/rake-12.3.2/lib/rake/task.rb:273
Migrating to CreateUsers (20190604145757)
  [1m[35m (0.2ms)[0m  [1m[35mBEGIN[0m
  ↳ /Users/johnyohancho/.rvm/rubies/ruby-2.6.1/lib/ruby/gems/2.6.0/gems/rake-12.3.2/lib/rake/task.rb:273
  [1m[35m (1.6ms)[0m  [1m[35mDROP TABLE "users"[0m
  ↳ /Users/johnyohancho/.rvm/rubies/ruby-2.6.1/lib/ruby/gems/2.6.0/gems/rake-12.3.2/lib/rake/task.rb:273
  [1m[36mActiveRecord::SchemaMigration Destroy (0.4ms)[0m  [1m[31mDELETE FROM "schema_migrations" WHERE "schema_migrations"."version" = $1[0m  [["version", "20190604145757"]]
  ↳ /Users/johnyohancho/.rvm/rubies/ruby-2.6.1/lib/ruby/gems/2.6.0/gems/rake-12.3.2/lib/rake/task.rb:273
  [1m[35m (44.5ms)[0m  [1m[35mCOMMIT[0m
  ↳ /Users/johnyohancho/.rvm/rubies/ruby-2.6.1/lib/ruby/gems/2.6.0/gems/rake-12.3.2/lib/rake/task.rb:273
  [1m[35m (0.4ms)[0m  [1m[34mSELECT pg_advisory_unlock(1229228560157968020)[0m
  ↳ /Users/johnyohancho/.rvm/rubies/ruby-2.6.1/lib/ruby/gems/2.6.0/gems/rake-12.3.2/lib/rake/task.rb:273
  [1m[35m (0.4ms)[0m  [1m[34mSELECT "schema_migrations"."version" FROM "schema_migrations" ORDER BY "schema_migrations"."version" ASC[0m
  ↳ /Users/johnyohancho/.rvm/rubies/ruby-2.6.1/lib/ruby/gems/2.6.0/gems/rake-12.3.2/lib/rake/task.rb:273
  [1m[35m (0.8ms)[0m  [1m[34mSELECT pg_try_advisory_lock(1229228560157968020)[0m
  ↳ /Users/johnyohancho/.rvm/rubies/ruby-2.6.1/lib/ruby/gems/2.6.0/gems/rake-12.3.2/lib/rake/task.rb:273
  [1m[35m (1.4ms)[0m  [1m[34mSELECT "schema_migrations"."version" FROM "schema_migrations" ORDER BY "schema_migrations"."version" ASC[0m
  ↳ /Users/johnyohancho/.rvm/rubies/ruby-2.6.1/lib/ruby/gems/2.6.0/gems/rake-12.3.2/lib/rake/task.rb:273
Migrating to CreateUsers (20190604145757)
  [1m[35m (0.3ms)[0m  [1m[35mBEGIN[0m
  ↳ /Users/johnyohancho/.rvm/rubies/ruby-2.6.1/lib/ruby/gems/2.6.0/gems/rake-12.3.2/lib/rake/task.rb:273
  [1m[35m (62.7ms)[0m  [1m[35mCREATE TABLE "users" ("id" bigserial primary key, "username" character varying, "password_digest" character varying, "email" character varying, "name" character varying, "description" text, "gender" character varying, "age" integer, "years_exp" integer, "created_at" timestamp NOT NULL, "updated_at" timestamp NOT NULL)[0m
  ↳ db/migrate/20190604145757_create_users.rb:3
  [1m[36mActiveRecord::SchemaMigration Create (0.9ms)[0m  [1m[32mINSERT INTO "schema_migrations" ("version") VALUES ($1) RETURNING "version"[0m  [["version", "20190604145757"]]
  ↳ /Users/johnyohancho/.rvm/rubies/ruby-2.6.1/lib/ruby/gems/2.6.0/gems/rake-12.3.2/lib/rake/task.rb:273
  [1m[35m (2.3ms)[0m  [1m[35mCOMMIT[0m
  ↳ /Users/johnyohancho/.rvm/rubies/ruby-2.6.1/lib/ruby/gems/2.6.0/gems/rake-12.3.2/lib/rake/task.rb:273
Migrating to CreateRelationships (20190604150052)
  [1m[35m (41.5ms)[0m  [1m[35mBEGIN[0m
  ↳ /Users/johnyohancho/.rvm/rubies/ruby-2.6.1/lib/ruby/gems/2.6.0/gems/rake-12.3.2/lib/rake/task.rb:273
  [1m[35m (6.5ms)[0m  [1m[35mCREATE TABLE "relationships" ("id" bigserial primary key, "follower_id" integer, "followed_id" integer, "created_at" timestamp NOT NULL, "updated_at" timestamp NOT NULL)[0m
  ↳ db/migrate/20190604150052_create_relationships.rb:3
  [1m[35m (9.6ms)[0m  [1m[35mCREATE  INDEX  "index_relationships_on_follower_id" ON "relationships"  ("follower_id")[0m
  ↳ db/migrate/20190604150052_create_relationships.rb:9
  [1m[35m (42.4ms)[0m  [1m[35mCREATE  INDEX  "index_relationships_on_followed_id" ON "relationships"  ("followed_id")[0m
  ↳ db/migrate/20190604150052_create_relationships.rb:10
  [1m[35m (3.6ms)[0m  [1m[35mCREATE UNIQUE INDEX  "index_relationships_on_follower_id_and_followed_id" ON "relationships"  ("follower_id", "followed_id")[0m
  ↳ db/migrate/20190604150052_create_relationships.rb:11
  [1m[36mActiveRecord::SchemaMigration Create (0.5ms)[0m  [1m[32mINSERT INTO "schema_migrations" ("version") VALUES ($1) RETURNING "version"[0m  [["version", "20190604150052"]]
  ↳ /Users/johnyohancho/.rvm/rubies/ruby-2.6.1/lib/ruby/gems/2.6.0/gems/rake-12.3.2/lib/rake/task.rb:273
  [1m[35m (2.4ms)[0m  [1m[35mCOMMIT[0m
  ↳ /Users/johnyohancho/.rvm/rubies/ruby-2.6.1/lib/ruby/gems/2.6.0/gems/rake-12.3.2/lib/rake/task.rb:273
Migrating to CreateUserSettings (20190604152016)
  [1m[35m (40.9ms)[0m  [1m[35mBEGIN[0m
  ↳ /Users/johnyohancho/.rvm/rubies/ruby-2.6.1/lib/ruby/gems/2.6.0/gems/rake-12.3.2/lib/rake/task.rb:273
  [1m[35m (57.4ms)[0m  [1m[35mCREATE TABLE "user_settings" ("id" bigserial primary key, "user_id" integer, "set_calories" integer, "set_steps" integer, "set_protein_percent" decimal, "set_carb_percent" decimal, "set_fat_percent" decimal, "set_protein_amount" integer, "set_carb_amount" integer, "set_fat_amount" integer, "set_sugar_amount" integer, "created_at" timestamp NOT NULL, "updated_at" timestamp NOT NULL)[0m
  ↳ db/migrate/20190604152016_create_user_settings.rb:3
  [1m[36mActiveRecord::SchemaMigration Create (0.8ms)[0m  [1m[32mINSERT INTO "schema_migrations" ("version") VALUES ($1) RETURNING "version"[0m  [["version", "20190604152016"]]
  ↳ /Users/johnyohancho/.rvm/rubies/ruby-2.6.1/lib/ruby/gems/2.6.0/gems/rake-12.3.2/lib/rake/task.rb:273
  [1m[35m (2.9ms)[0m  [1m[35mCOMMIT[0m
  ↳ /Users/johnyohancho/.rvm/rubies/ruby-2.6.1/lib/ruby/gems/2.6.0/gems/rake-12.3.2/lib/rake/task.rb:273
Migrating to CreateDailySnaps (20190604152643)
  [1m[35m (40.8ms)[0m  [1m[35mBEGIN[0m
  ↳ /Users/johnyohancho/.rvm/rubies/ruby-2.6.1/lib/ruby/gems/2.6.0/gems/rake-12.3.2/lib/rake/task.rb:273
  [1m[35m (13.8ms)[0m  [1m[35mCREATE TABLE "daily_snaps" ("id" bigserial primary key, "user_id" integer, "date" date, "steps" integer, "weight" decimal, "height" integer, "bmi" decimal, "pbf" decimal, "img" character varying, "calories" integer, "protein" integer, "carbs" integer, "fat" integer, "sugar" integer, "created_at" timestamp NOT NULL, "updated_at" timestamp NOT NULL)[0m
  ↳ db/migrate/20190604152643_create_daily_snaps.rb:3
  [1m[36mActiveRecord::SchemaMigration Create (0.6ms)[0m  [1m[32mINSERT INTO "schema_migrations" ("version") VALUES ($1) RETURNING "version"[0m  [["version", "20190604152643"]]
  ↳ /Users/johnyohancho/.rvm/rubies/ruby-2.6.1/lib/ruby/gems/2.6.0/gems/rake-12.3.2/lib/rake/task.rb:273
  [1m[35m (2.3ms)[0m  [1m[35mCOMMIT[0m
  ↳ /Users/johnyohancho/.rvm/rubies/ruby-2.6.1/lib/ruby/gems/2.6.0/gems/rake-12.3.2/lib/rake/task.rb:273
Migrating to CreateMeals (20190604153015)
  [1m[35m (25.4ms)[0m  [1m[35mBEGIN[0m
  ↳ /Users/johnyohancho/.rvm/rubies/ruby-2.6.1/lib/ruby/gems/2.6.0/gems/rake-12.3.2/lib/rake/task.rb:273
  [1m[35m (24.1ms)[0m  [1m[35mCREATE TABLE "meals" ("id" bigserial primary key, "user_id" integer, "name" character varying, "type" character varying, "date" date, "time" timestamp, "calories" integer, "weight" integer, "protein" integer, "carbs" integer, "fat" integer, "sugar" integer, "created_at" timestamp NOT NULL, "updated_at" timestamp NOT NULL)[0m
  ↳ db/migrate/20190604153015_create_meals.rb:3
  [1m[36mActiveRecord::SchemaMigration Create (0.5ms)[0m  [1m[32mINSERT INTO "schema_migrations" ("version") VALUES ($1) RETURNING "version"[0m  [["version", "20190604153015"]]
  ↳ /Users/johnyohancho/.rvm/rubies/ruby-2.6.1/lib/ruby/gems/2.6.0/gems/rake-12.3.2/lib/rake/task.rb:273
  [1m[35m (2.2ms)[0m  [1m[35mCOMMIT[0m
  ↳ /Users/johnyohancho/.rvm/rubies/ruby-2.6.1/lib/ruby/gems/2.6.0/gems/rake-12.3.2/lib/rake/task.rb:273
Migrating to CreateWorkouts (20190604153221)
  [1m[35m (40.7ms)[0m  [1m[35mBEGIN[0m
  ↳ /Users/johnyohancho/.rvm/rubies/ruby-2.6.1/lib/ruby/gems/2.6.0/gems/rake-12.3.2/lib/rake/task.rb:273
  [1m[35m (11.2ms)[0m  [1m[35mCREATE TABLE "workouts" ("id" bigserial primary key, "name" character varying, "description" character varying, "sets" integer, "reps" integer, "created_at" timestamp NOT NULL, "updated_at" timestamp NOT NULL)[0m
  ↳ db/migrate/20190604153221_create_workouts.rb:3
  [1m[36mActiveRecord::SchemaMigration Create (0.5ms)[0m  [1m[32mINSERT INTO "schema_migrations" ("version") VALUES ($1) RETURNING "version"[0m  [["version", "20190604153221"]]
  ↳ /Users/johnyohancho/.rvm/rubies/ruby-2.6.1/lib/ruby/gems/2.6.0/gems/rake-12.3.2/lib/rake/task.rb:273
  [1m[35m (2.2ms)[0m  [1m[35mCOMMIT[0m
  ↳ /Users/johnyohancho/.rvm/rubies/ruby-2.6.1/lib/ruby/gems/2.6.0/gems/rake-12.3.2/lib/rake/task.rb:273
Migrating to CreateUserWorkouts (20190604153404)
  [1m[35m (28.1ms)[0m  [1m[35mBEGIN[0m
  ↳ /Users/johnyohancho/.rvm/rubies/ruby-2.6.1/lib/ruby/gems/2.6.0/gems/rake-12.3.2/lib/rake/task.rb:273
  [1m[35m (21.7ms)[0m  [1m[35mCREATE TABLE "user_workouts" ("id" bigserial primary key, "user_id" integer, "workout_id" integer, "date" date, "created_at" timestamp NOT NULL, "updated_at" timestamp NOT NULL)[0m
  ↳ db/migrate/20190604153404_create_user_workouts.rb:3
  [1m[36mActiveRecord::SchemaMigration Create (0.8ms)[0m  [1m[32mINSERT INTO "schema_migrations" ("version") VALUES ($1) RETURNING "version"[0m  [["version", "20190604153404"]]
  ↳ /Users/johnyohancho/.rvm/rubies/ruby-2.6.1/lib/ruby/gems/2.6.0/gems/rake-12.3.2/lib/rake/task.rb:273
  [1m[35m (2.2ms)[0m  [1m[35mCOMMIT[0m
  ↳ /Users/johnyohancho/.rvm/rubies/ruby-2.6.1/lib/ruby/gems/2.6.0/gems/rake-12.3.2/lib/rake/task.rb:273
  [1m[36mActiveRecord::InternalMetadata Load (0.6ms)[0m  [1m[34mSELECT  "ar_internal_metadata".* FROM "ar_internal_metadata" WHERE "ar_internal_metadata"."key" = $1 LIMIT $2[0m  [["key", "environment"], ["LIMIT", 1]]
  ↳ /Users/johnyohancho/.rvm/rubies/ruby-2.6.1/lib/ruby/gems/2.6.0/gems/rake-12.3.2/lib/rake/task.rb:273
  [1m[35m (0.3ms)[0m  [1m[35mBEGIN[0m
  ↳ /Users/johnyohancho/.rvm/rubies/ruby-2.6.1/lib/ruby/gems/2.6.0/gems/rake-12.3.2/lib/rake/task.rb:273
  [1m[35m (1.8ms)[0m  [1m[35mCOMMIT[0m
  ↳ /Users/johnyohancho/.rvm/rubies/ruby-2.6.1/lib/ruby/gems/2.6.0/gems/rake-12.3.2/lib/rake/task.rb:273
  [1m[35m (2.2ms)[0m  [1m[34mSELECT pg_advisory_unlock(1229228560157968020)[0m
  ↳ /Users/johnyohancho/.rvm/rubies/ruby-2.6.1/lib/ruby/gems/2.6.0/gems/rake-12.3.2/lib/rake/task.rb:273
  [1m[35m (0.5ms)[0m  [1m[34mSELECT "schema_migrations"."version" FROM "schema_migrations" ORDER BY "schema_migrations"."version" ASC[0m
  ↳ /Users/johnyohancho/.rvm/rubies/ruby-2.6.1/lib/ruby/gems/2.6.0/gems/rake-12.3.2/lib/rake/task.rb:273
Started GET "/" for ::1 at 2019-06-04 13:07:59 -0400
  [1m[35m (3.7ms)[0m  [1m[34mSELECT "schema_migrations"."version" FROM "schema_migrations" ORDER BY "schema_migrations"."version" ASC[0m
  ↳ /Users/johnyohancho/.rvm/gems/ruby-2.6.1/gems/activerecord-5.2.3/lib/active_record/log_subscriber.rb:98
Processing by Rails::WelcomeController#index as HTML
  Rendering /Users/johnyohancho/.rvm/gems/ruby-2.6.1/gems/railties-5.2.3/lib/rails/templates/rails/welcome/index.html.erb
  Rendered /Users/johnyohancho/.rvm/gems/ruby-2.6.1/gems/railties-5.2.3/lib/rails/templates/rails/welcome/index.html.erb (10.6ms)
Completed 200 OK in 38ms (Views: 32.8ms | ActiveRecord: 0.0ms)


